$ /tmp2/b11902156/projects/Elastic-Correct-Recovery-Lab/.venv/bin/python -m torch.distributed.run --max-restarts 0 --nnodes 1 --nproc_per_node 4 --master_addr 127.0.0.1 --master_port 39871 -m ecrl.train.ddp_train --config results/exp4_matrix_20260216_221349_cifar100_resnet18_fbase_k50_m4/configs/exp4_matrix_20260216_221349_cifar100_resnet18_fbase_k50_m4.yaml --run-id exp4_matrix_20260216_221349_cifar100_resnet18_fbase_k50_m4_s4242_failure_blocking --results-dir results/exp4_matrix_20260216_221349_cifar100_resnet18_fbase_k50_m4 --target-steps 1600 --checkpoint-strategy blocking --checkpoint-every 50 --max-inflight 4 --seed 4242 --fail-steps 400,1200 --resume-latest
[ECRL][fail-inject] step=400 strategy=blocking starting pre-exit flush/barrier
[ECRL][fail-inject] step=400 entering synchronized exit barrier
[ECRL][fail-inject] step=400 all ranks exiting with 137 after synchronized flush
W0217 01:43:07.115000 495102 .venv/lib/python3.11/site-packages/torch/distributed/elastic/multiprocessing/api.py:1010] Sending process 495109 closing signal SIGTERM
E0217 01:43:07.180000 495102 .venv/lib/python3.11/site-packages/torch/distributed/elastic/multiprocessing/api.py:984] failed (exitcode: 137) local_rank: 0 (pid: 495108) of binary: /tmp2/b11902156/projects/Elastic-Correct-Recovery-Lab/.venv/bin/python
Traceback (most recent call last):
  File "<frozen runpy>", line 198, in _run_module_as_main
  File "<frozen runpy>", line 88, in _run_code
  File "/tmp2/b11902156/projects/Elastic-Correct-Recovery-Lab/.venv/lib/python3.11/site-packages/torch/distributed/run.py", line 995, in <module>
    main()
  File "/tmp2/b11902156/projects/Elastic-Correct-Recovery-Lab/.venv/lib/python3.11/site-packages/torch/distributed/elastic/multiprocessing/errors/__init__.py", line 362, in wrapper
    return f(*args, **kwargs)
           ^^^^^^^^^^^^^^^^^^
  File "/tmp2/b11902156/projects/Elastic-Correct-Recovery-Lab/.venv/lib/python3.11/site-packages/torch/distributed/run.py", line 991, in main
    run(args)
  File "/tmp2/b11902156/projects/Elastic-Correct-Recovery-Lab/.venv/lib/python3.11/site-packages/torch/distributed/run.py", line 982, in run
    elastic_launch(
  File "/tmp2/b11902156/projects/Elastic-Correct-Recovery-Lab/.venv/lib/python3.11/site-packages/torch/distributed/launcher/api.py", line 170, in __call__
    return launch_agent(self._config, self._entrypoint, list(args))
           ^^^^^^^^^^^^^^^^^^^^^^^^^^^^^^^^^^^^^^^^^^^^^^^^^^^^^^^^
  File "/tmp2/b11902156/projects/Elastic-Correct-Recovery-Lab/.venv/lib/python3.11/site-packages/torch/distributed/launcher/api.py", line 317, in launch_agent
    raise ChildFailedError(
torch.distributed.elastic.multiprocessing.errors.ChildFailedError: 
============================================================
ecrl.train.ddp_train FAILED
------------------------------------------------------------
Failures:
[1]:
  time      : 2026-02-17_01:43:07
  host      : meow1.csie.ntu.edu.tw
  rank      : 2 (local_rank: 2)
  exitcode  : 137 (pid: 495110)
  error_file: <N/A>
  traceback : To enable traceback see: https://pytorch.org/docs/stable/elastic/errors.html
[2]:
  time      : 2026-02-17_01:43:07
  host      : meow1.csie.ntu.edu.tw
  rank      : 3 (local_rank: 3)
  exitcode  : 137 (pid: 495111)
  error_file: <N/A>
  traceback : To enable traceback see: https://pytorch.org/docs/stable/elastic/errors.html
[3]:
  time      : 2026-02-17_01:43:07
  host      : meow1.csie.ntu.edu.tw
  rank      : 1 (local_rank: 1)
  exitcode  : 137 (pid: 495109)
  error_file: <N/A>
  traceback : To enable traceback see: https://pytorch.org/docs/stable/elastic/errors.html
------------------------------------------------------------
Root Cause (first observed failure):
[0]:
  time      : 2026-02-17_01:43:07
  host      : meow1.csie.ntu.edu.tw
  rank      : 0 (local_rank: 0)
  exitcode  : 137 (pid: 495108)
  error_file: <N/A>
  traceback : To enable traceback see: https://pytorch.org/docs/stable/elastic/errors.html
============================================================
